CRITICAL - 2023-01-25 23:42:08 --> Undefined variable: id
#0 C:\OpenServer\domains\cantonnails.com.va\app\Controllers\Frontend\Homepage\Home.php(67): CodeIgniter\Debug\Exceptions->errorHandler()
#1 C:\OpenServer\domains\cantonnails.com.va\vendor\codeigniter4\framework\system\CodeIgniter.php(918): App\Controllers\Frontend\Homepage\Home->index()
#2 C:\OpenServer\domains\cantonnails.com.va\vendor\codeigniter4\framework\system\CodeIgniter.php(404): CodeIgniter\CodeIgniter->runController()
#3 C:\OpenServer\domains\cantonnails.com.va\vendor\codeigniter4\framework\system\CodeIgniter.php(312): CodeIgniter\CodeIgniter->handleRequest()
#4 C:\OpenServer\domains\cantonnails.com.va\index.php(47): CodeIgniter\CodeIgniter->run()
#5 {main}
CRITICAL - 2023-01-25 23:42:10 --> Undefined variable: id
#0 C:\OpenServer\domains\cantonnails.com.va\app\Controllers\Frontend\Homepage\Home.php(67): CodeIgniter\Debug\Exceptions->errorHandler()
#1 C:\OpenServer\domains\cantonnails.com.va\vendor\codeigniter4\framework\system\CodeIgniter.php(918): App\Controllers\Frontend\Homepage\Home->index()
#2 C:\OpenServer\domains\cantonnails.com.va\vendor\codeigniter4\framework\system\CodeIgniter.php(404): CodeIgniter\CodeIgniter->runController()
#3 C:\OpenServer\domains\cantonnails.com.va\vendor\codeigniter4\framework\system\CodeIgniter.php(312): CodeIgniter\CodeIgniter->handleRequest()
#4 C:\OpenServer\domains\cantonnails.com.va\index.php(47): CodeIgniter\CodeIgniter->run()
#5 {main}
CRITICAL - 2023-01-25 23:42:11 --> Undefined variable: id
#0 C:\OpenServer\domains\cantonnails.com.va\app\Controllers\Frontend\Homepage\Home.php(67): CodeIgniter\Debug\Exceptions->errorHandler()
#1 C:\OpenServer\domains\cantonnails.com.va\vendor\codeigniter4\framework\system\CodeIgniter.php(918): App\Controllers\Frontend\Homepage\Home->index()
#2 C:\OpenServer\domains\cantonnails.com.va\vendor\codeigniter4\framework\system\CodeIgniter.php(404): CodeIgniter\CodeIgniter->runController()
#3 C:\OpenServer\domains\cantonnails.com.va\vendor\codeigniter4\framework\system\CodeIgniter.php(312): CodeIgniter\CodeIgniter->handleRequest()
#4 C:\OpenServer\domains\cantonnails.com.va\index.php(47): CodeIgniter\CodeIgniter->run()
#5 {main}
CRITICAL - 2023-01-25 23:42:11 --> Undefined variable: id
#0 C:\OpenServer\domains\cantonnails.com.va\app\Controllers\Frontend\Homepage\Home.php(67): CodeIgniter\Debug\Exceptions->errorHandler()
#1 C:\OpenServer\domains\cantonnails.com.va\vendor\codeigniter4\framework\system\CodeIgniter.php(918): App\Controllers\Frontend\Homepage\Home->index()
#2 C:\OpenServer\domains\cantonnails.com.va\vendor\codeigniter4\framework\system\CodeIgniter.php(404): CodeIgniter\CodeIgniter->runController()
#3 C:\OpenServer\domains\cantonnails.com.va\vendor\codeigniter4\framework\system\CodeIgniter.php(312): CodeIgniter\CodeIgniter->handleRequest()
#4 C:\OpenServer\domains\cantonnails.com.va\index.php(47): CodeIgniter\CodeIgniter->run()
#5 {main}
CRITICAL - 2023-01-25 23:42:11 --> Undefined variable: id
#0 C:\OpenServer\domains\cantonnails.com.va\app\Controllers\Frontend\Homepage\Home.php(67): CodeIgniter\Debug\Exceptions->errorHandler()
#1 C:\OpenServer\domains\cantonnails.com.va\vendor\codeigniter4\framework\system\CodeIgniter.php(918): App\Controllers\Frontend\Homepage\Home->index()
#2 C:\OpenServer\domains\cantonnails.com.va\vendor\codeigniter4\framework\system\CodeIgniter.php(404): CodeIgniter\CodeIgniter->runController()
#3 C:\OpenServer\domains\cantonnails.com.va\vendor\codeigniter4\framework\system\CodeIgniter.php(312): CodeIgniter\CodeIgniter->handleRequest()
#4 C:\OpenServer\domains\cantonnails.com.va\index.php(47): CodeIgniter\CodeIgniter->run()
#5 {main}
CRITICAL - 2023-01-25 23:42:11 --> Undefined variable: id
#0 C:\OpenServer\domains\cantonnails.com.va\app\Controllers\Frontend\Homepage\Home.php(67): CodeIgniter\Debug\Exceptions->errorHandler()
#1 C:\OpenServer\domains\cantonnails.com.va\vendor\codeigniter4\framework\system\CodeIgniter.php(918): App\Controllers\Frontend\Homepage\Home->index()
#2 C:\OpenServer\domains\cantonnails.com.va\vendor\codeigniter4\framework\system\CodeIgniter.php(404): CodeIgniter\CodeIgniter->runController()
#3 C:\OpenServer\domains\cantonnails.com.va\vendor\codeigniter4\framework\system\CodeIgniter.php(312): CodeIgniter\CodeIgniter->handleRequest()
#4 C:\OpenServer\domains\cantonnails.com.va\index.php(47): CodeIgniter\CodeIgniter->run()
#5 {main}
CRITICAL - 2023-01-25 23:42:12 --> Undefined variable: id
#0 C:\OpenServer\domains\cantonnails.com.va\app\Controllers\Frontend\Homepage\Home.php(67): CodeIgniter\Debug\Exceptions->errorHandler()
#1 C:\OpenServer\domains\cantonnails.com.va\vendor\codeigniter4\framework\system\CodeIgniter.php(918): App\Controllers\Frontend\Homepage\Home->index()
#2 C:\OpenServer\domains\cantonnails.com.va\vendor\codeigniter4\framework\system\CodeIgniter.php(404): CodeIgniter\CodeIgniter->runController()
#3 C:\OpenServer\domains\cantonnails.com.va\vendor\codeigniter4\framework\system\CodeIgniter.php(312): CodeIgniter\CodeIgniter->handleRequest()
#4 C:\OpenServer\domains\cantonnails.com.va\index.php(47): CodeIgniter\CodeIgniter->run()
#5 {main}
CRITICAL - 2023-01-25 23:42:12 --> Undefined variable: id
#0 C:\OpenServer\domains\cantonnails.com.va\app\Controllers\Frontend\Homepage\Home.php(67): CodeIgniter\Debug\Exceptions->errorHandler()
#1 C:\OpenServer\domains\cantonnails.com.va\vendor\codeigniter4\framework\system\CodeIgniter.php(918): App\Controllers\Frontend\Homepage\Home->index()
#2 C:\OpenServer\domains\cantonnails.com.va\vendor\codeigniter4\framework\system\CodeIgniter.php(404): CodeIgniter\CodeIgniter->runController()
#3 C:\OpenServer\domains\cantonnails.com.va\vendor\codeigniter4\framework\system\CodeIgniter.php(312): CodeIgniter\CodeIgniter->handleRequest()
#4 C:\OpenServer\domains\cantonnails.com.va\index.php(47): CodeIgniter\CodeIgniter->run()
#5 {main}
CRITICAL - 2023-01-25 23:42:39 --> Unparenthesized `a ? b : c ? d : e` is deprecated. Use either `(a ? b : c) ? d : e` or `a ? b : (c ? d : e)`
#0 C:\OpenServer\domains\cantonnails.com.va\vendor\codeigniter4\framework\system\View\View.php(246): CodeIgniter\Debug\Exceptions->errorHandler()
#1 C:\OpenServer\domains\cantonnails.com.va\vendor\codeigniter4\framework\system\View\View.php(246): include()
#2 C:\OpenServer\domains\cantonnails.com.va\vendor\codeigniter4\framework\system\Common.php(1119): CodeIgniter\View\View->render()
#3 C:\OpenServer\domains\cantonnails.com.va\app\Views\backend\product\catalogue\create.php(12): view()
#4 C:\OpenServer\domains\cantonnails.com.va\vendor\codeigniter4\framework\system\View\View.php(246): include('C:\\OpenServer\\d...')
#5 C:\OpenServer\domains\cantonnails.com.va\vendor\codeigniter4\framework\system\Common.php(1119): CodeIgniter\View\View->render()
#6 C:\OpenServer\domains\cantonnails.com.va\app\Views\backend\dashboard\layout\home.php(48): view()
#7 C:\OpenServer\domains\cantonnails.com.va\vendor\codeigniter4\framework\system\View\View.php(246): include('C:\\OpenServer\\d...')
#8 C:\OpenServer\domains\cantonnails.com.va\vendor\codeigniter4\framework\system\Common.php(1119): CodeIgniter\View\View->render()
#9 C:\OpenServer\domains\cantonnails.com.va\app\Controllers\Backend\Product\Catalogue.php(114): view()
#10 C:\OpenServer\domains\cantonnails.com.va\vendor\codeigniter4\framework\system\CodeIgniter.php(918): App\Controllers\Backend\Product\Catalogue->create()
#11 C:\OpenServer\domains\cantonnails.com.va\vendor\codeigniter4\framework\system\CodeIgniter.php(404): CodeIgniter\CodeIgniter->runController()
#12 C:\OpenServer\domains\cantonnails.com.va\vendor\codeigniter4\framework\system\CodeIgniter.php(312): CodeIgniter\CodeIgniter->handleRequest()
#13 C:\OpenServer\domains\cantonnails.com.va\index.php(47): CodeIgniter\CodeIgniter->run()
#14 {main}
CRITICAL - 2023-01-25 23:43:44 --> Undefined variable: id
#0 C:\OpenServer\domains\cantonnails.com.va\app\Controllers\Frontend\Homepage\Home.php(67): CodeIgniter\Debug\Exceptions->errorHandler(8, 'Undefined varia...', 'C:\\OpenServer\\d...', 67, Array)
#1 C:\OpenServer\domains\cantonnails.com.va\vendor\codeigniter4\framework\system\CodeIgniter.php(918): App\Controllers\Frontend\Homepage\Home->index()
#2 C:\OpenServer\domains\cantonnails.com.va\vendor\codeigniter4\framework\system\CodeIgniter.php(404): CodeIgniter\CodeIgniter->runController(Object(App\Controllers\Frontend\Homepage\Home))
#3 C:\OpenServer\domains\cantonnails.com.va\vendor\codeigniter4\framework\system\CodeIgniter.php(312): CodeIgniter\CodeIgniter->handleRequest(NULL, Object(Config\Cache), false)
#4 C:\OpenServer\domains\cantonnails.com.va\index.php(47): CodeIgniter\CodeIgniter->run()
#5 {main}
