CRITICAL - 2026-01-24 03:59:22 --> Unable to connect to the database.
#0 D:\develop\OSPanel\home\tintam.local\vendor\codeigniter4\framework\system\Database\BaseConnection.php(646): CodeIgniter\Database\BaseConnection->initialize()
#1 D:\develop\OSPanel\home\tintam.local\vendor\codeigniter4\framework\system\Database\BaseBuilder.php(1860): CodeIgniter\Database\BaseConnection->query('SELECT `keyword...', Array, false)
#2 D:\develop\OSPanel\home\tintam.local\app\Models\AutoloadModel.php(76): CodeIgniter\Database\BaseBuilder->get()
#3 D:\develop\OSPanel\home\tintam.local\app\Helpers\mydatafrontend_helper.php(166): App\Models\AutoloadModel->_get_where(Array, true)
#4 D:\develop\OSPanel\home\tintam.local\app\Controllers\FrontendController.php(27): get_general('vi')
#5 D:\develop\OSPanel\home\tintam.local\vendor\codeigniter4\framework\system\CodeIgniter.php(891): App\Controllers\FrontendController->initController(Object(CodeIgniter\HTTP\IncomingRequest), Object(CodeIgniter\HTTP\Response), Object(CodeIgniter\Log\Logger))
#6 D:\develop\OSPanel\home\tintam.local\vendor\codeigniter4\framework\system\CodeIgniter.php(399): CodeIgniter\CodeIgniter->createController()
#7 D:\develop\OSPanel\home\tintam.local\vendor\codeigniter4\framework\system\CodeIgniter.php(312): CodeIgniter\CodeIgniter->handleRequest(NULL, Object(Config\Cache), false)
#8 D:\develop\OSPanel\home\tintam.local\index.php(47): CodeIgniter\CodeIgniter->run()
#9 {main}
CRITICAL - 2026-01-24 04:01:12 --> Unable to connect to the database.
#0 D:\develop\OSPanel\home\tintam.local\vendor\codeigniter4\framework\system\Database\BaseConnection.php(646): CodeIgniter\Database\BaseConnection->initialize()
#1 D:\develop\OSPanel\home\tintam.local\vendor\codeigniter4\framework\system\Database\BaseBuilder.php(1860): CodeIgniter\Database\BaseConnection->query('SELECT `keyword...', Array, false)
#2 D:\develop\OSPanel\home\tintam.local\app\Models\AutoloadModel.php(76): CodeIgniter\Database\BaseBuilder->get()
#3 D:\develop\OSPanel\home\tintam.local\app\Helpers\mydatafrontend_helper.php(166): App\Models\AutoloadModel->_get_where(Array, true)
#4 D:\develop\OSPanel\home\tintam.local\app\Controllers\FrontendController.php(27): get_general('vi')
#5 D:\develop\OSPanel\home\tintam.local\vendor\codeigniter4\framework\system\CodeIgniter.php(891): App\Controllers\FrontendController->initController(Object(CodeIgniter\HTTP\IncomingRequest), Object(CodeIgniter\HTTP\Response), Object(CodeIgniter\Log\Logger))
#6 D:\develop\OSPanel\home\tintam.local\vendor\codeigniter4\framework\system\CodeIgniter.php(399): CodeIgniter\CodeIgniter->createController()
#7 D:\develop\OSPanel\home\tintam.local\vendor\codeigniter4\framework\system\CodeIgniter.php(312): CodeIgniter\CodeIgniter->handleRequest(NULL, Object(Config\Cache), false)
#8 D:\develop\OSPanel\home\tintam.local\index.php(47): CodeIgniter\CodeIgniter->run()
#9 {main}
CRITICAL - 2026-01-24 04:01:15 --> Unable to connect to the database.
#0 D:\develop\OSPanel\home\tintam.local\vendor\codeigniter4\framework\system\Database\BaseConnection.php(646): CodeIgniter\Database\BaseConnection->initialize()
#1 D:\develop\OSPanel\home\tintam.local\vendor\codeigniter4\framework\system\Database\BaseBuilder.php(1860): CodeIgniter\Database\BaseConnection->query('SELECT `keyword...', Array, false)
#2 D:\develop\OSPanel\home\tintam.local\app\Models\AutoloadModel.php(76): CodeIgniter\Database\BaseBuilder->get()
#3 D:\develop\OSPanel\home\tintam.local\app\Helpers\mydatafrontend_helper.php(166): App\Models\AutoloadModel->_get_where(Array, true)
#4 D:\develop\OSPanel\home\tintam.local\app\Controllers\FrontendController.php(27): get_general('vi')
#5 D:\develop\OSPanel\home\tintam.local\vendor\codeigniter4\framework\system\CodeIgniter.php(891): App\Controllers\FrontendController->initController(Object(CodeIgniter\HTTP\IncomingRequest), Object(CodeIgniter\HTTP\Response), Object(CodeIgniter\Log\Logger))
#6 D:\develop\OSPanel\home\tintam.local\vendor\codeigniter4\framework\system\CodeIgniter.php(399): CodeIgniter\CodeIgniter->createController()
#7 D:\develop\OSPanel\home\tintam.local\vendor\codeigniter4\framework\system\CodeIgniter.php(312): CodeIgniter\CodeIgniter->handleRequest(NULL, Object(Config\Cache), false)
#8 D:\develop\OSPanel\home\tintam.local\index.php(47): CodeIgniter\CodeIgniter->run()
#9 {main}
CRITICAL - 2026-01-24 04:01:15 --> Unable to connect to the database.
#0 D:\develop\OSPanel\home\tintam.local\vendor\codeigniter4\framework\system\Database\BaseConnection.php(646): CodeIgniter\Database\BaseConnection->initialize()
#1 D:\develop\OSPanel\home\tintam.local\vendor\codeigniter4\framework\system\Database\BaseBuilder.php(1860): CodeIgniter\Database\BaseConnection->query('SELECT `keyword...', Array, false)
#2 D:\develop\OSPanel\home\tintam.local\app\Models\AutoloadModel.php(76): CodeIgniter\Database\BaseBuilder->get()
#3 D:\develop\OSPanel\home\tintam.local\app\Helpers\mydatafrontend_helper.php(166): App\Models\AutoloadModel->_get_where(Array, true)
#4 D:\develop\OSPanel\home\tintam.local\app\Controllers\FrontendController.php(27): get_general('vi')
#5 D:\develop\OSPanel\home\tintam.local\vendor\codeigniter4\framework\system\CodeIgniter.php(891): App\Controllers\FrontendController->initController(Object(CodeIgniter\HTTP\IncomingRequest), Object(CodeIgniter\HTTP\Response), Object(CodeIgniter\Log\Logger))
#6 D:\develop\OSPanel\home\tintam.local\vendor\codeigniter4\framework\system\CodeIgniter.php(399): CodeIgniter\CodeIgniter->createController()
#7 D:\develop\OSPanel\home\tintam.local\vendor\codeigniter4\framework\system\CodeIgniter.php(312): CodeIgniter\CodeIgniter->handleRequest(NULL, Object(Config\Cache), false)
#8 D:\develop\OSPanel\home\tintam.local\index.php(47): CodeIgniter\CodeIgniter->run()
#9 {main}
CRITICAL - 2026-01-24 04:01:16 --> Unable to connect to the database.
#0 D:\develop\OSPanel\home\tintam.local\vendor\codeigniter4\framework\system\Database\BaseConnection.php(646): CodeIgniter\Database\BaseConnection->initialize()
#1 D:\develop\OSPanel\home\tintam.local\vendor\codeigniter4\framework\system\Database\BaseBuilder.php(1860): CodeIgniter\Database\BaseConnection->query('SELECT `keyword...', Array, false)
#2 D:\develop\OSPanel\home\tintam.local\app\Models\AutoloadModel.php(76): CodeIgniter\Database\BaseBuilder->get()
#3 D:\develop\OSPanel\home\tintam.local\app\Helpers\mydatafrontend_helper.php(166): App\Models\AutoloadModel->_get_where(Array, true)
#4 D:\develop\OSPanel\home\tintam.local\app\Controllers\FrontendController.php(27): get_general('vi')
#5 D:\develop\OSPanel\home\tintam.local\vendor\codeigniter4\framework\system\CodeIgniter.php(891): App\Controllers\FrontendController->initController(Object(CodeIgniter\HTTP\IncomingRequest), Object(CodeIgniter\HTTP\Response), Object(CodeIgniter\Log\Logger))
#6 D:\develop\OSPanel\home\tintam.local\vendor\codeigniter4\framework\system\CodeIgniter.php(399): CodeIgniter\CodeIgniter->createController()
#7 D:\develop\OSPanel\home\tintam.local\vendor\codeigniter4\framework\system\CodeIgniter.php(312): CodeIgniter\CodeIgniter->handleRequest(NULL, Object(Config\Cache), false)
#8 D:\develop\OSPanel\home\tintam.local\index.php(47): CodeIgniter\CodeIgniter->run()
#9 {main}
CRITICAL - 2026-01-24 04:01:27 --> Unable to connect to the database.
#0 D:\develop\OSPanel\home\tintam.local\vendor\codeigniter4\framework\system\Database\BaseConnection.php(646): CodeIgniter\Database\BaseConnection->initialize()
#1 D:\develop\OSPanel\home\tintam.local\vendor\codeigniter4\framework\system\Database\BaseBuilder.php(1860): CodeIgniter\Database\BaseConnection->query('SELECT `keyword...', Array, false)
#2 D:\develop\OSPanel\home\tintam.local\app\Models\AutoloadModel.php(76): CodeIgniter\Database\BaseBuilder->get()
#3 D:\develop\OSPanel\home\tintam.local\app\Helpers\mydatafrontend_helper.php(166): App\Models\AutoloadModel->_get_where(Array, true)
#4 D:\develop\OSPanel\home\tintam.local\app\Controllers\FrontendController.php(27): get_general('vi')
#5 D:\develop\OSPanel\home\tintam.local\vendor\codeigniter4\framework\system\CodeIgniter.php(891): App\Controllers\FrontendController->initController(Object(CodeIgniter\HTTP\IncomingRequest), Object(CodeIgniter\HTTP\Response), Object(CodeIgniter\Log\Logger))
#6 D:\develop\OSPanel\home\tintam.local\vendor\codeigniter4\framework\system\CodeIgniter.php(399): CodeIgniter\CodeIgniter->createController()
#7 D:\develop\OSPanel\home\tintam.local\vendor\codeigniter4\framework\system\CodeIgniter.php(312): CodeIgniter\CodeIgniter->handleRequest(NULL, Object(Config\Cache), false)
#8 D:\develop\OSPanel\home\tintam.local\index.php(47): CodeIgniter\CodeIgniter->run()
#9 {main}
CRITICAL - 2026-01-24 04:01:29 --> Unable to connect to the database.
#0 D:\develop\OSPanel\home\tintam.local\vendor\codeigniter4\framework\system\Database\BaseConnection.php(646): CodeIgniter\Database\BaseConnection->initialize()
#1 D:\develop\OSPanel\home\tintam.local\vendor\codeigniter4\framework\system\Database\BaseBuilder.php(1860): CodeIgniter\Database\BaseConnection->query('SELECT `keyword...', Array, false)
#2 D:\develop\OSPanel\home\tintam.local\app\Models\AutoloadModel.php(76): CodeIgniter\Database\BaseBuilder->get()
#3 D:\develop\OSPanel\home\tintam.local\app\Helpers\mydatafrontend_helper.php(166): App\Models\AutoloadModel->_get_where(Array, true)
#4 D:\develop\OSPanel\home\tintam.local\app\Controllers\FrontendController.php(27): get_general('vi')
#5 D:\develop\OSPanel\home\tintam.local\vendor\codeigniter4\framework\system\CodeIgniter.php(891): App\Controllers\FrontendController->initController(Object(CodeIgniter\HTTP\IncomingRequest), Object(CodeIgniter\HTTP\Response), Object(CodeIgniter\Log\Logger))
#6 D:\develop\OSPanel\home\tintam.local\vendor\codeigniter4\framework\system\CodeIgniter.php(399): CodeIgniter\CodeIgniter->createController()
#7 D:\develop\OSPanel\home\tintam.local\vendor\codeigniter4\framework\system\CodeIgniter.php(312): CodeIgniter\CodeIgniter->handleRequest(NULL, Object(Config\Cache), false)
#8 D:\develop\OSPanel\home\tintam.local\index.php(47): CodeIgniter\CodeIgniter->run()
#9 {main}
CRITICAL - 2026-01-24 04:01:31 --> Unable to connect to the database.
#0 D:\develop\OSPanel\home\tintam.local\vendor\codeigniter4\framework\system\Database\BaseConnection.php(646): CodeIgniter\Database\BaseConnection->initialize()
#1 D:\develop\OSPanel\home\tintam.local\vendor\codeigniter4\framework\system\Database\BaseBuilder.php(1860): CodeIgniter\Database\BaseConnection->query('SELECT `keyword...', Array, false)
#2 D:\develop\OSPanel\home\tintam.local\app\Models\AutoloadModel.php(76): CodeIgniter\Database\BaseBuilder->get()
#3 D:\develop\OSPanel\home\tintam.local\app\Helpers\mydatafrontend_helper.php(166): App\Models\AutoloadModel->_get_where(Array, true)
#4 D:\develop\OSPanel\home\tintam.local\app\Controllers\FrontendController.php(27): get_general('vi')
#5 D:\develop\OSPanel\home\tintam.local\vendor\codeigniter4\framework\system\CodeIgniter.php(891): App\Controllers\FrontendController->initController(Object(CodeIgniter\HTTP\IncomingRequest), Object(CodeIgniter\HTTP\Response), Object(CodeIgniter\Log\Logger))
#6 D:\develop\OSPanel\home\tintam.local\vendor\codeigniter4\framework\system\CodeIgniter.php(399): CodeIgniter\CodeIgniter->createController()
#7 D:\develop\OSPanel\home\tintam.local\vendor\codeigniter4\framework\system\CodeIgniter.php(312): CodeIgniter\CodeIgniter->handleRequest(NULL, Object(Config\Cache), false)
#8 D:\develop\OSPanel\home\tintam.local\index.php(47): CodeIgniter\CodeIgniter->run()
#9 {main}
CRITICAL - 2026-01-24 04:01:38 --> Unable to connect to the database.
#0 D:\develop\OSPanel\home\tintam.local\vendor\codeigniter4\framework\system\Database\BaseConnection.php(646): CodeIgniter\Database\BaseConnection->initialize()
#1 D:\develop\OSPanel\home\tintam.local\vendor\codeigniter4\framework\system\Database\BaseBuilder.php(1860): CodeIgniter\Database\BaseConnection->query('SELECT `keyword...', Array, false)
#2 D:\develop\OSPanel\home\tintam.local\app\Models\AutoloadModel.php(76): CodeIgniter\Database\BaseBuilder->get()
#3 D:\develop\OSPanel\home\tintam.local\app\Helpers\mydatafrontend_helper.php(166): App\Models\AutoloadModel->_get_where(Array, true)
#4 D:\develop\OSPanel\home\tintam.local\app\Controllers\FrontendController.php(27): get_general('vi')
#5 D:\develop\OSPanel\home\tintam.local\vendor\codeigniter4\framework\system\CodeIgniter.php(891): App\Controllers\FrontendController->initController(Object(CodeIgniter\HTTP\IncomingRequest), Object(CodeIgniter\HTTP\Response), Object(CodeIgniter\Log\Logger))
#6 D:\develop\OSPanel\home\tintam.local\vendor\codeigniter4\framework\system\CodeIgniter.php(399): CodeIgniter\CodeIgniter->createController()
#7 D:\develop\OSPanel\home\tintam.local\vendor\codeigniter4\framework\system\CodeIgniter.php(312): CodeIgniter\CodeIgniter->handleRequest(NULL, Object(Config\Cache), false)
#8 D:\develop\OSPanel\home\tintam.local\index.php(47): CodeIgniter\CodeIgniter->run()
#9 {main}
CRITICAL - 2026-01-24 10:18:04 --> Call to undefined function route()
in APPPATH\Views\frontend\homepage\common\header.php on line 317.
 1 SYSTEMPATH\View\View.php(213): include()
 2 SYSTEMPATH\View\View.php(216): CodeIgniter\View\View->CodeIgniter\View\{closure}()
 3 SYSTEMPATH\Common.php(1142): CodeIgniter\View\View->render('frontend/homepage/common/header', [], true)
 4 APPPATH\Views\frontend\homepage\layout\home.php(58): view('frontend/homepage/common/header')
 5 SYSTEMPATH\View\View.php(213): include('APPPATH\\Views\\frontend\\homepage\\layout\\home.php')
 6 SYSTEMPATH\View\View.php(216): CodeIgniter\View\View->CodeIgniter\View\{closure}()
 7 SYSTEMPATH\Common.php(1142): CodeIgniter\View\View->render('frontend/homepage/layout/home', [], true)
 8 APPPATH\Controllers\Frontend\Homepage\Home.php(72): view('frontend/homepage/layout/home', [...])
 9 SYSTEMPATH\CodeIgniter.php(904): App\Controllers\Frontend\Homepage\Home->index()
10 SYSTEMPATH\CodeIgniter.php(457): CodeIgniter\CodeIgniter->runController(Object(App\Controllers\Frontend\Homepage\Home))
11 SYSTEMPATH\CodeIgniter.php(340): CodeIgniter\CodeIgniter->handleRequest(null, Object(Config\Cache), false)
12 FCPATH\index.php(67): CodeIgniter\CodeIgniter->run()
CRITICAL - 2026-01-24 10:42:44 --> iconv(): Detected an illegal character in input string
in APPPATH\Views\frontend\homepage\home\index.php on line 123.
 1 [internal function]: CodeIgniter\Debug\Exceptions->errorHandler(8, 'iconv(): Detected an illegal character in input string', 'APPPATH\\Views\\frontend\\homepage\\home\\index.php', 123, [...])
 2 APPPATH\Views\frontend\homepage\home\index.php(123): iconv('UTF-8', 'ASCII//TRANSLIT', 'Rèm cửa cao cấp')
 3 SYSTEMPATH\View\View.php(213): include('APPPATH\\Views\\frontend\\homepage\\home\\index.php')
 4 SYSTEMPATH\View\View.php(216): CodeIgniter\View\View->CodeIgniter\View\{closure}()
 5 SYSTEMPATH\Common.php(1142): CodeIgniter\View\View->render('frontend/homepage/home/index', [], true)
 6 APPPATH\Views\frontend\homepage\layout\home.php(59): view('frontend/homepage/home/index')
 7 SYSTEMPATH\View\View.php(213): include('APPPATH\\Views\\frontend\\homepage\\layout\\home.php')
 8 SYSTEMPATH\View\View.php(216): CodeIgniter\View\View->CodeIgniter\View\{closure}()
 9 SYSTEMPATH\Common.php(1142): CodeIgniter\View\View->render('frontend/homepage/layout/home', [], true)
10 APPPATH\Controllers\Frontend\Homepage\Home.php(72): view('frontend/homepage/layout/home', [...])
11 SYSTEMPATH\CodeIgniter.php(904): App\Controllers\Frontend\Homepage\Home->index()
12 SYSTEMPATH\CodeIgniter.php(457): CodeIgniter\CodeIgniter->runController(Object(App\Controllers\Frontend\Homepage\Home))
13 SYSTEMPATH\CodeIgniter.php(340): CodeIgniter\CodeIgniter->handleRequest(null, Object(Config\Cache), false)
14 FCPATH\index.php(67): CodeIgniter\CodeIgniter->run()
