CRITICAL - 2022-12-31 09:39:04 --> Unable to connect to the database.
#0 /home/aicrmcom/menu.lvnailsbar975.com/vendor/codeigniter4/framework/system/Database/BaseConnection.php(646): CodeIgniter\Database\BaseConnection->initialize()
#1 /home/aicrmcom/menu.lvnailsbar975.com/vendor/codeigniter4/framework/system/Database/BaseBuilder.php(1860): CodeIgniter\Database\BaseConnection->query('SELECT `id`, `e...', Array, false)
#2 /home/aicrmcom/menu.lvnailsbar975.com/app/Models/AutoloadModel.php(74): CodeIgniter\Database\BaseBuilder->get()
#3 /home/aicrmcom/menu.lvnailsbar975.com/app/Filters/Auth.php(27): App\Models\AutoloadModel->_get_where(Array)
#4 /home/aicrmcom/menu.lvnailsbar975.com/vendor/codeigniter4/framework/system/Filters/Filters.php(173): App\Filters\Auth->before(Object(CodeIgniter\HTTP\IncomingRequest), NULL)
#5 /home/aicrmcom/menu.lvnailsbar975.com/vendor/codeigniter4/framework/system/CodeIgniter.php(382): CodeIgniter\Filters\Filters->run('backend/product...', 'before')
#6 /home/aicrmcom/menu.lvnailsbar975.com/vendor/codeigniter4/framework/system/CodeIgniter.php(312): CodeIgniter\CodeIgniter->handleRequest(NULL, Object(Config\Cache), false)
#7 /home/aicrmcom/menu.lvnailsbar975.com/index.php(47): CodeIgniter\CodeIgniter->run()
#8 {main}
CRITICAL - 2022-12-31 09:43:49 --> Unable to connect to the database.
#0 /home/aicrmcom/menu.lvnailsbar975.com/vendor/codeigniter4/framework/system/Database/BaseConnection.php(646): CodeIgniter\Database\BaseConnection->initialize()
#1 /home/aicrmcom/menu.lvnailsbar975.com/vendor/codeigniter4/framework/system/Database/BaseBuilder.php(1860): CodeIgniter\Database\BaseConnection->query('SELECT `keyword...', Array, false)
#2 /home/aicrmcom/menu.lvnailsbar975.com/app/Models/AutoloadModel.php(76): CodeIgniter\Database\BaseBuilder->get()
#3 /home/aicrmcom/menu.lvnailsbar975.com/app/Helpers/mydatafrontend_helper.php(166): App\Models\AutoloadModel->_get_where(Array, true)
#4 /home/aicrmcom/menu.lvnailsbar975.com/app/Controllers/FrontendController.php(27): get_general('vi')
#5 /home/aicrmcom/menu.lvnailsbar975.com/vendor/codeigniter4/framework/system/CodeIgniter.php(891): App\Controllers\FrontendController->initController(Object(CodeIgniter\HTTP\IncomingRequest), Object(CodeIgniter\HTTP\Response), Object(CodeIgniter\Log\Logger))
#6 /home/aicrmcom/menu.lvnailsbar975.com/vendor/codeigniter4/framework/system/CodeIgniter.php(399): CodeIgniter\CodeIgniter->createController()
#7 /home/aicrmcom/menu.lvnailsbar975.com/vendor/codeigniter4/framework/system/CodeIgniter.php(312): CodeIgniter\CodeIgniter->handleRequest(NULL, Object(Config\Cache), false)
#8 /home/aicrmcom/menu.lvnailsbar975.com/index.php(47): CodeIgniter\CodeIgniter->run()
#9 {main}
