CRITICAL - 2022-09-29 12:36:22 --> Call to undefined function App\Controllers\Backend\Product\authentication()
#0 /home/allincli/public_html/menu/vendor/codeigniter4/framework/system/CodeIgniter.php(890): App\Controllers\Backend\Product\Product->__construct()
#1 /home/allincli/public_html/menu/vendor/codeigniter4/framework/system/CodeIgniter.php(399): CodeIgniter\CodeIgniter->createController()
#2 /home/allincli/public_html/menu/vendor/codeigniter4/framework/system/CodeIgniter.php(312): CodeIgniter\CodeIgniter->handleRequest(NULL, Object(Config\Cache), false)
#3 /home/allincli/public_html/menu/index.php(47): CodeIgniter\CodeIgniter->run()
#4 {main}
CRITICAL - 2022-09-29 12:37:39 --> Call to undefined method App\Controllers\Backend\Product\Product::authentication()
#0 /home/allincli/public_html/menu/vendor/codeigniter4/framework/system/CodeIgniter.php(890): App\Controllers\Backend\Product\Product->__construct()
#1 /home/allincli/public_html/menu/vendor/codeigniter4/framework/system/CodeIgniter.php(399): CodeIgniter\CodeIgniter->createController()
#2 /home/allincli/public_html/menu/vendor/codeigniter4/framework/system/CodeIgniter.php(312): CodeIgniter\CodeIgniter->handleRequest(NULL, Object(Config\Cache), false)
#3 /home/allincli/public_html/menu/index.php(47): CodeIgniter\CodeIgniter->run()
#4 {main}
CRITICAL - 2022-09-29 12:37:40 --> Call to undefined method App\Controllers\Backend\Product\Product::authentication()
#0 /home/allincli/public_html/menu/vendor/codeigniter4/framework/system/CodeIgniter.php(890): App\Controllers\Backend\Product\Product->__construct()
#1 /home/allincli/public_html/menu/vendor/codeigniter4/framework/system/CodeIgniter.php(399): CodeIgniter\CodeIgniter->createController()
#2 /home/allincli/public_html/menu/vendor/codeigniter4/framework/system/CodeIgniter.php(312): CodeIgniter\CodeIgniter->handleRequest(NULL, Object(Config\Cache), false)
#3 /home/allincli/public_html/menu/index.php(47): CodeIgniter\CodeIgniter->run()
#4 {main}
CRITICAL - 2022-09-29 12:38:11 --> Class 'App\Controllers\Backend\Product\AutoloadModel' not found
#0 /home/allincli/public_html/menu/app/Controllers/Backend/Product/Product.php(14): App\Controllers\Backend\Product\Product->authentication()
#1 /home/allincli/public_html/menu/vendor/codeigniter4/framework/system/CodeIgniter.php(890): App\Controllers\Backend\Product\Product->__construct()
#2 /home/allincli/public_html/menu/vendor/codeigniter4/framework/system/CodeIgniter.php(399): CodeIgniter\CodeIgniter->createController()
#3 /home/allincli/public_html/menu/vendor/codeigniter4/framework/system/CodeIgniter.php(312): CodeIgniter\CodeIgniter->handleRequest(NULL, Object(Config\Cache), false)
#4 /home/allincli/public_html/menu/index.php(47): CodeIgniter\CodeIgniter->run()
#5 {main}
CRITICAL - 2022-09-29 12:38:14 --> Class 'App\Controllers\Backend\Product\AutoloadModel' not found
#0 /home/allincli/public_html/menu/app/Controllers/Backend/Product/Product.php(14): App\Controllers\Backend\Product\Product->authentication()
#1 /home/allincli/public_html/menu/vendor/codeigniter4/framework/system/CodeIgniter.php(890): App\Controllers\Backend\Product\Product->__construct()
#2 /home/allincli/public_html/menu/vendor/codeigniter4/framework/system/CodeIgniter.php(399): CodeIgniter\CodeIgniter->createController()
#3 /home/allincli/public_html/menu/vendor/codeigniter4/framework/system/CodeIgniter.php(312): CodeIgniter\CodeIgniter->handleRequest(NULL, Object(Config\Cache), false)
#4 /home/allincli/public_html/menu/index.php(47): CodeIgniter\CodeIgniter->run()
#5 {main}
CRITICAL - 2022-09-29 12:38:39 --> Call to a member function _get_where() on null
#0 /home/allincli/public_html/menu/app/Controllers/Backend/Product/Product.php(14): App\Controllers\Backend\Product\Product->authentication()
#1 /home/allincli/public_html/menu/vendor/codeigniter4/framework/system/CodeIgniter.php(890): App\Controllers\Backend\Product\Product->__construct()
#2 /home/allincli/public_html/menu/vendor/codeigniter4/framework/system/CodeIgniter.php(399): CodeIgniter\CodeIgniter->createController()
#3 /home/allincli/public_html/menu/vendor/codeigniter4/framework/system/CodeIgniter.php(312): CodeIgniter\CodeIgniter->handleRequest(NULL, Object(Config\Cache), false)
#4 /home/allincli/public_html/menu/index.php(47): CodeIgniter\CodeIgniter->run()
#5 {main}
CRITICAL - 2022-09-29 12:38:40 --> Call to a member function _get_where() on null
#0 /home/allincli/public_html/menu/app/Controllers/Backend/Product/Product.php(14): App\Controllers\Backend\Product\Product->authentication()
#1 /home/allincli/public_html/menu/vendor/codeigniter4/framework/system/CodeIgniter.php(890): App\Controllers\Backend\Product\Product->__construct()
#2 /home/allincli/public_html/menu/vendor/codeigniter4/framework/system/CodeIgniter.php(399): CodeIgniter\CodeIgniter->createController()
#3 /home/allincli/public_html/menu/vendor/codeigniter4/framework/system/CodeIgniter.php(312): CodeIgniter\CodeIgniter->handleRequest(NULL, Object(Config\Cache), false)
#4 /home/allincli/public_html/menu/index.php(47): CodeIgniter\CodeIgniter->run()
#5 {main}
CRITICAL - 2022-09-29 12:38:41 --> Call to a member function _get_where() on null
#0 /home/allincli/public_html/menu/app/Controllers/Backend/Product/Product.php(14): App\Controllers\Backend\Product\Product->authentication()
#1 /home/allincli/public_html/menu/vendor/codeigniter4/framework/system/CodeIgniter.php(890): App\Controllers\Backend\Product\Product->__construct()
#2 /home/allincli/public_html/menu/vendor/codeigniter4/framework/system/CodeIgniter.php(399): CodeIgniter\CodeIgniter->createController()
#3 /home/allincli/public_html/menu/vendor/codeigniter4/framework/system/CodeIgniter.php(312): CodeIgniter\CodeIgniter->handleRequest(NULL, Object(Config\Cache), false)
#4 /home/allincli/public_html/menu/index.php(47): CodeIgniter\CodeIgniter->run()
#5 {main}
CRITICAL - 2022-09-29 12:39:03 --> Call to a member function _get_where() on null
#0 /home/allincli/public_html/menu/app/Controllers/Backend/Product/Product.php(14): App\Controllers\Backend\Product\Product->authentication()
#1 /home/allincli/public_html/menu/vendor/codeigniter4/framework/system/CodeIgniter.php(890): App\Controllers\Backend\Product\Product->__construct()
#2 /home/allincli/public_html/menu/vendor/codeigniter4/framework/system/CodeIgniter.php(399): CodeIgniter\CodeIgniter->createController()
#3 /home/allincli/public_html/menu/vendor/codeigniter4/framework/system/CodeIgniter.php(312): CodeIgniter\CodeIgniter->handleRequest(NULL, Object(Config\Cache), false)
#4 /home/allincli/public_html/menu/index.php(47): CodeIgniter\CodeIgniter->run()
#5 {main}
CRITICAL - 2022-09-29 12:39:04 --> Call to a member function _get_where() on null
#0 /home/allincli/public_html/menu/app/Controllers/Backend/Product/Product.php(14): App\Controllers\Backend\Product\Product->authentication()
#1 /home/allincli/public_html/menu/vendor/codeigniter4/framework/system/CodeIgniter.php(890): App\Controllers\Backend\Product\Product->__construct()
#2 /home/allincli/public_html/menu/vendor/codeigniter4/framework/system/CodeIgniter.php(399): CodeIgniter\CodeIgniter->createController()
#3 /home/allincli/public_html/menu/vendor/codeigniter4/framework/system/CodeIgniter.php(312): CodeIgniter\CodeIgniter->handleRequest(NULL, Object(Config\Cache), false)
#4 /home/allincli/public_html/menu/index.php(47): CodeIgniter\CodeIgniter->run()
#5 {main}
