CRITICAL - 2022-12-06 16:54:53 --> in_array() expects parameter 2 to be array, null given
#0 [internal function]: CodeIgniter\Debug\Exceptions->errorHandler(2, 'in_array() expe...', '/home/aicrmcom/...', 33, Array)
#1 /home/aicrmcom/menu.lvnailsbar975.com/app/Views/backend/dashboard/common/sidebar.php(33): in_array('backend/product...', NULL)
#2 /home/aicrmcom/menu.lvnailsbar975.com/vendor/codeigniter4/framework/system/View/View.php(246): include('/home/aicrmcom/...')
#3 /home/aicrmcom/menu.lvnailsbar975.com/vendor/codeigniter4/framework/system/Common.php(1119): CodeIgniter\View\View->render('backend/dashboa...', Array, true)
#4 /home/aicrmcom/menu.lvnailsbar975.com/app/Views/backend/dashboard/layout/home.php(45): view('backend/dashboa...')
#5 /home/aicrmcom/menu.lvnailsbar975.com/vendor/codeigniter4/framework/system/View/View.php(246): include('/home/aicrmcom/...')
#6 /home/aicrmcom/menu.lvnailsbar975.com/vendor/codeigniter4/framework/system/Common.php(1119): CodeIgniter\View\View->render('backend/dashboa...', Array, true)
#7 /home/aicrmcom/menu.lvnailsbar975.com/app/Controllers/Backend/User/Profile.php(66): view('backend/dashboa...', Array)
#8 /home/aicrmcom/menu.lvnailsbar975.com/vendor/codeigniter4/framework/system/CodeIgniter.php(918): App\Controllers\Backend\User\profile->profile(29)
#9 /home/aicrmcom/menu.lvnailsbar975.com/vendor/codeigniter4/framework/system/CodeIgniter.php(404): CodeIgniter\CodeIgniter->runController(Object(App\Controllers\Backend\User\profile))
#10 /home/aicrmcom/menu.lvnailsbar975.com/vendor/codeigniter4/framework/system/CodeIgniter.php(312): CodeIgniter\CodeIgniter->handleRequest(NULL, Object(Config\Cache), false)
#11 /home/aicrmcom/menu.lvnailsbar975.com/index.php(47): CodeIgniter\CodeIgniter->run()
#12 {main}
CRITICAL - 2022-12-06 16:55:19 --> in_array() expects parameter 2 to be array, null given
#0 [internal function]: CodeIgniter\Debug\Exceptions->errorHandler(2, 'in_array() expe...', '/home/aicrmcom/...', 33, Array)
#1 /home/aicrmcom/menu.lvnailsbar975.com/app/Views/backend/dashboard/common/sidebar.php(33): in_array('backend/product...', NULL)
#2 /home/aicrmcom/menu.lvnailsbar975.com/vendor/codeigniter4/framework/system/View/View.php(246): include('/home/aicrmcom/...')
#3 /home/aicrmcom/menu.lvnailsbar975.com/vendor/codeigniter4/framework/system/Common.php(1119): CodeIgniter\View\View->render('backend/dashboa...', Array, true)
#4 /home/aicrmcom/menu.lvnailsbar975.com/app/Views/backend/dashboard/layout/home.php(45): view('backend/dashboa...')
#5 /home/aicrmcom/menu.lvnailsbar975.com/vendor/codeigniter4/framework/system/View/View.php(246): include('/home/aicrmcom/...')
#6 /home/aicrmcom/menu.lvnailsbar975.com/vendor/codeigniter4/framework/system/Common.php(1119): CodeIgniter\View\View->render('backend/dashboa...', Array, true)
#7 /home/aicrmcom/menu.lvnailsbar975.com/app/Controllers/Backend/User/Profile.php(66): view('backend/dashboa...', Array)
#8 /home/aicrmcom/menu.lvnailsbar975.com/vendor/codeigniter4/framework/system/CodeIgniter.php(918): App\Controllers\Backend\User\profile->profile(29)
#9 /home/aicrmcom/menu.lvnailsbar975.com/vendor/codeigniter4/framework/system/CodeIgniter.php(404): CodeIgniter\CodeIgniter->runController(Object(App\Controllers\Backend\User\profile))
#10 /home/aicrmcom/menu.lvnailsbar975.com/vendor/codeigniter4/framework/system/CodeIgniter.php(312): CodeIgniter\CodeIgniter->handleRequest(NULL, Object(Config\Cache), false)
#11 /home/aicrmcom/menu.lvnailsbar975.com/index.php(47): CodeIgniter\CodeIgniter->run()
#12 {main}
